  stdafx.cpp
  3DGP.cpp
  Camera.cpp
  GameFramework.cpp
  GameObject.cpp
  GraphicsPipeline.cpp
  Menu.cpp
C:\Users\82102\Desktop\3dgp_fight\3DGP_Origin\기존 코드 2\3DGP\LabProject02-01\Menu.cpp(90,3): warning C4065: switch문에 'default'가 있으나 'case' 레이블이 없습니다.
C:\Users\82102\Desktop\3dgp_fight\3DGP_Origin\기존 코드 2\3DGP\LabProject02-01\Mesh.h(89,48): warning C4244: '인수': '__int64'에서 'int'(으)로 변환하면서 데이터가 손실될 수 있습니다.
  (소스 파일 'Menu.cpp'을(를) 컴파일하는 중)
      C:\Users\82102\Desktop\3dgp_fight\3DGP_Origin\기존 코드 2\3DGP\LabProject02-01\Mesh.h(89,48):
      템플릿 인스턴스화 컨텍스트(가장 오래된 인스턴스화 컨텍스트)가
          C:\Users\82102\Desktop\3dgp_fight\3DGP_Origin\기존 코드 2\3DGP\LabProject02-01\Menu.cpp(22,30):
          컴파일되는 함수 템플릿 인스턴스화 'CTextMesh::CTextMesh<231,33,7>(float,float,float,int,COLORREF,std::array<bool,231>,std::array<float,33>,std::array<float,7>)'에 대한 참조를 확인하세요.
  
C:\Users\82102\Desktop\3dgp_fight\3DGP_Origin\기존 코드 2\3DGP\LabProject02-01\Mesh.h(101,10): warning C4267: '초기화 중': 'size_t'에서 'int'(으)로 변환하면서 데이터가 손실될 수 있습니다.
  (소스 파일 'Menu.cpp'을(를) 컴파일하는 중)
  
  Mesh.cpp
  Player.cpp
  Scene.cpp
C:\Users\82102\Desktop\3dgp_fight\3DGP_Origin\기존 코드 2\3DGP\LabProject02-01\Scene.cpp(50,3): warning C4065: switch문에 'default'가 있으나 'case' 레이블이 없습니다.
  Stage1.cpp
C:\Users\82102\Desktop\3dgp_fight\3DGP_Origin\기존 코드 2\3DGP\LabProject02-01\Stage1.cpp(150,3): warning C4065: switch문에 'default'가 있으나 'case' 레이블이 없습니다.
  Stage2.cpp
C:\Users\82102\Desktop\3dgp_fight\3DGP_Origin\기존 코드 2\3DGP\LabProject02-01\Mesh.h(89,48): warning C4244: '인수': '__int64'에서 'int'(으)로 변환하면서 데이터가 손실될 수 있습니다.
  (소스 파일 'Stage2.cpp'을(를) 컴파일하는 중)
      C:\Users\82102\Desktop\3dgp_fight\3DGP_Origin\기존 코드 2\3DGP\LabProject02-01\Mesh.h(89,48):
      템플릿 인스턴스화 컨텍스트(가장 오래된 인스턴스화 컨텍스트)가
          C:\Users\82102\Desktop\3dgp_fight\3DGP_Origin\기존 코드 2\3DGP\LabProject02-01\Stage2.cpp(22,30):
          컴파일되는 함수 템플릿 인스턴스화 'CTextMesh::CTextMesh<294,42,7>(float,float,float,int,COLORREF,std::array<bool,294>,std::array<float,42>,std::array<float,7>)'에 대한 참조를 확인하세요.
  
C:\Users\82102\Desktop\3dgp_fight\3DGP_Origin\기존 코드 2\3DGP\LabProject02-01\Mesh.h(101,10): warning C4267: '초기화 중': 'size_t'에서 'int'(으)로 변환하면서 데이터가 손실될 수 있습니다.
  (소스 파일 'Stage2.cpp'을(를) 컴파일하는 중)
  
  StageManager.cpp
  Timer.cpp
  Title.cpp
C:\Users\82102\Desktop\3dgp_fight\3DGP_Origin\기존 코드 2\3DGP\LabProject02-01\Mesh.h(89,48): warning C4244: '인수': '__int64'에서 'int'(으)로 변환하면서 데이터가 손실될 수 있습니다.
  (소스 파일 'Title.cpp'을(를) 컴파일하는 중)
      C:\Users\82102\Desktop\3dgp_fight\3DGP_Origin\기존 코드 2\3DGP\LabProject02-01\Mesh.h(89,48):
      템플릿 인스턴스화 컨텍스트(가장 오래된 인스턴스화 컨텍스트)가
          C:\Users\82102\Desktop\3dgp_fight\3DGP_Origin\기존 코드 2\3DGP\LabProject02-01\Title.cpp(20,39):
          컴파일되는 함수 템플릿 인스턴스화 'CTextMesh::CTextMesh<434,62,7>(float,float,float,int,COLORREF,std::array<bool,434>,std::array<float,62>,std::array<float,7>)'에 대한 참조를 확인하세요.
  
C:\Users\82102\Desktop\3dgp_fight\3DGP_Origin\기존 코드 2\3DGP\LabProject02-01\Mesh.h(101,10): warning C4267: '초기화 중': 'size_t'에서 'int'(으)로 변환하면서 데이터가 손실될 수 있습니다.
  (소스 파일 'Title.cpp'을(를) 컴파일하는 중)
  
  코드를 생성하고 있습니다.
  0 of 571 functions ( 0.0%) were compiled, the rest were copied from previous compilation.
    0 functions were new in current compilation
    0 functions had inline decision re-evaluated but remain unchanged
  코드를 생성했습니다.
  LabProject02-01.vcxproj -> C:\Users\82102\Desktop\3dgp_fight\3DGP_Origin\기존 코드 2\3DGP\LabProject02-01\x64\Release\3DGP.exe
